D:\code\ComSample_18\\bin\Debug\ComSample.dll
D:\code\ComSample_18\\bin\Debug\ComSample.ilk
D:\code\ComSample_18\\bin\Debug\ComSample.pdb
D:\CODE\COMSAMPLE_18\BIN\DEBUG\COMSAMPLE.DLL
D:\code\ComSample_18\bin\Debug\ComSample.exp
D:\CODE\COMSAMPLE_18\BIN\DEBUG\COMSAMPLE.ILK
D:\code\ComSample_18\bin\Debug\ComSample.lib
D:\CODE\COMSAMPLE_18\BIN\DEBUG\COMSAMPLE.PDB
D:\code\ComSample_18\obj\Debug\ComSample\cl.command.1.tlog
D:\code\ComSample_18\obj\Debug\ComSample\CL.read.1.tlog
D:\code\ComSample_18\obj\Debug\ComSample\CL.write.1.tlog
D:\CODE\COMSAMPLE_18\OBJ\DEBUG\COMSAMPLE\COMSAMPLE.DLL.EMBED.MANIFEST
D:\CODE\COMSAMPLE_18\OBJ\DEBUG\COMSAMPLE\COMSAMPLE.DLL.EMBED.MANIFEST.RES
D:\CODE\COMSAMPLE_18\OBJ\DEBUG\COMSAMPLE\COMSAMPLE.DLL.INTERMEDIATE.MANIFEST
D:\CODE\COMSAMPLE_18\OBJ\DEBUG\COMSAMPLE\COMSAMPLE.OBJ
D:\CODE\COMSAMPLE_18\OBJ\DEBUG\COMSAMPLE\COMSAMPLE.PCH
D:\CODE\COMSAMPLE_18\OBJ\DEBUG\COMSAMPLE\COMSAMPLE.RES
D:\CODE\COMSAMPLE_18\OBJ\DEBUG\COMSAMPLE\COMSAMPLE.TLB
D:\code\ComSample_18\obj\Debug\ComSample\ComSample.write.1.tlog
D:\CODE\COMSAMPLE_18\OBJ\DEBUG\COMSAMPLE\COMSAMPLE_I.OBJ
D:\code\ComSample_18\obj\Debug\ComSample\ComSample_manifest.rc
D:\CODE\COMSAMPLE_18\OBJ\DEBUG\COMSAMPLE\DLLMAIN.OBJ
D:\code\ComSample_18\obj\Debug\ComSample\link.command.1.tlog
D:\code\ComSample_18\obj\Debug\ComSample\link.read.1.tlog
D:\code\ComSample_18\obj\Debug\ComSample\link.write.1.tlog
D:\code\ComSample_18\obj\Debug\ComSample\link-cvtres.read.1.tlog
D:\code\ComSample_18\obj\Debug\ComSample\link-cvtres.write.1.tlog
D:\code\ComSample_18\obj\Debug\ComSample\midl.command.1.tlog
D:\code\ComSample_18\obj\Debug\ComSample\midl.read.1.tlog
D:\code\ComSample_18\obj\Debug\ComSample\midl.write.1.tlog
D:\code\ComSample_18\obj\Debug\ComSample\midl-midlc.read.1.tlog
D:\code\ComSample_18\obj\Debug\ComSample\midl-midlc.write.1.tlog
D:\code\ComSample_18\obj\Debug\ComSample\midl-midlc-cl.read.1.tlog
D:\code\ComSample_18\obj\Debug\ComSample\mt.command.1.tlog
D:\code\ComSample_18\obj\Debug\ComSample\mt.read.1.tlog
D:\code\ComSample_18\obj\Debug\ComSample\mt.write.1.tlog
D:\code\ComSample_18\obj\Debug\ComSample\rc.command.1.tlog
D:\code\ComSample_18\obj\Debug\ComSample\rc.read.1.tlog
D:\code\ComSample_18\obj\Debug\ComSample\rc.write.1.tlog
D:\CODE\COMSAMPLE_18\OBJ\DEBUG\COMSAMPLE\SAMPLEOBJECT.OBJ
D:\CODE\COMSAMPLE_18\OBJ\DEBUG\COMSAMPLE\STDAFX.OBJ
D:\code\ComSample_18\obj\Debug\ComSample\vc100.idb
D:\CODE\COMSAMPLE_18\OBJ\DEBUG\COMSAMPLE\VC100.PDB
D:\CODE\COMSAMPLE_18\SRC\COMSAMPLE\COMSAMPLE_I.C
D:\CODE\COMSAMPLE_18\SRC\COMSAMPLE\COMSAMPLE_I.H
D:\CODE\COMSAMPLE_18\SRC\COMSAMPLE\COMSAMPLE_P.C
