D:\code\ComSample_18\\bin\Debug\ComSampleClient.exe
D:\code\ComSample_18\\bin\Debug\ComSampleClient.ilk
D:\code\ComSample_18\\bin\Debug\ComSampleClient.pdb
D:\CODE\COMSAMPLE_18\BIN\DEBUG\COMSAMPLECLIENT.EXE
D:\CODE\COMSAMPLE_18\BIN\DEBUG\COMSAMPLECLIENT.ILK
D:\CODE\COMSAMPLE_18\BIN\DEBUG\COMSAMPLECLIENT.PDB
D:\code\ComSample_18\obj\Debug\ComSampleClient\cl.command.1.tlog
D:\code\ComSample_18\obj\Debug\ComSampleClient\CL.read.1.tlog
D:\code\ComSample_18\obj\Debug\ComSampleClient\CL.write.1.tlog
D:\CODE\COMSAMPLE_18\OBJ\DEBUG\COMSAMPLECLIENT\COMSAMPLECLIENT.EXE.EMBED.MANIFEST
D:\CODE\COMSAMPLE_18\OBJ\DEBUG\COMSAMPLECLIENT\COMSAMPLECLIENT.EXE.EMBED.MANIFEST.RES
D:\CODE\COMSAMPLE_18\OBJ\DEBUG\COMSAMPLECLIENT\COMSAMPLECLIENT.EXE.INTERMEDIATE.MANIFEST
D:\CODE\COMSAMPLE_18\OBJ\DEBUG\COMSAMPLECLIENT\COMSAMPLECLIENT.OBJ
D:\CODE\COMSAMPLE_18\OBJ\DEBUG\COMSAMPLECLIENT\COMSAMPLECLIENT.PCH
D:\code\ComSample_18\obj\Debug\ComSampleClient\ComSampleClient_manifest.rc
D:\code\ComSample_18\obj\Debug\ComSampleClient\link.6624.read.1.tlog
D:\code\ComSample_18\obj\Debug\ComSampleClient\link.6624.write.1.tlog
D:\code\ComSample_18\obj\Debug\ComSampleClient\link.6624-cvtres.read.1.tlog
D:\code\ComSample_18\obj\Debug\ComSampleClient\link.6624-cvtres.write.1.tlog
D:\code\ComSample_18\obj\Debug\ComSampleClient\link.command.1.tlog
D:\code\ComSample_18\obj\Debug\ComSampleClient\link.read.1.tlog
D:\code\ComSample_18\obj\Debug\ComSampleClient\link.write.1.tlog
D:\code\ComSample_18\obj\Debug\ComSampleClient\link-cvtres.read.1.tlog
D:\code\ComSample_18\obj\Debug\ComSampleClient\link-cvtres.write.1.tlog
D:\code\ComSample_18\obj\Debug\ComSampleClient\mt.command.1.tlog
D:\code\ComSample_18\obj\Debug\ComSampleClient\mt.read.1.tlog
D:\code\ComSample_18\obj\Debug\ComSampleClient\mt.write.1.tlog
D:\code\ComSample_18\obj\Debug\ComSampleClient\rc.command.1.tlog
D:\code\ComSample_18\obj\Debug\ComSampleClient\rc.read.1.tlog
D:\code\ComSample_18\obj\Debug\ComSampleClient\rc.write.1.tlog
D:\CODE\COMSAMPLE_18\OBJ\DEBUG\COMSAMPLECLIENT\STDAFX.OBJ
D:\code\ComSample_18\obj\Debug\ComSampleClient\vc100.idb
D:\CODE\COMSAMPLE_18\OBJ\DEBUG\COMSAMPLECLIENT\VC100.PDB
