D:\code\ComSample_18\\bin\Debug\ComInterceptVtablePatch.dll
D:\code\ComSample_18\\bin\Debug\ComInterceptVtablePatch.ilk
D:\code\ComSample_18\\bin\Debug\ComInterceptVtablePatch.pdb
D:\CODE\COMSAMPLE_18\BIN\DEBUG\COMINTERCEPTVTABLEPATCH.DLL
D:\CODE\COMSAMPLE_18\BIN\DEBUG\COMINTERCEPTVTABLEPATCH.ILK
D:\CODE\COMSAMPLE_18\BIN\DEBUG\COMINTERCEPTVTABLEPATCH.PDB
D:\code\ComSample_18\obj\Debug\ComInterceptVtablePatch\cl.command.1.tlog
D:\code\ComSample_18\obj\Debug\ComInterceptVtablePatch\CL.read.1.tlog
D:\code\ComSample_18\obj\Debug\ComInterceptVtablePatch\CL.write.1.tlog
D:\CODE\COMSAMPLE_18\OBJ\DEBUG\COMINTERCEPTVTABLEPATCH\COMINTERCEPTVTABLEPATCH.DLL.EMBED.MANIFEST
D:\CODE\COMSAMPLE_18\OBJ\DEBUG\COMINTERCEPTVTABLEPATCH\COMINTERCEPTVTABLEPATCH.DLL.EMBED.MANIFEST.RES
D:\CODE\COMSAMPLE_18\OBJ\DEBUG\COMINTERCEPTVTABLEPATCH\COMINTERCEPTVTABLEPATCH.DLL.INTERMEDIATE.MANIFEST
D:\CODE\COMSAMPLE_18\OBJ\DEBUG\COMINTERCEPTVTABLEPATCH\COMINTERCEPTVTABLEPATCH.PCH
D:\code\ComSample_18\obj\Debug\ComInterceptVtablePatch\ComInterceptVtablePatch.write.1.tlog
D:\code\ComSample_18\obj\Debug\ComInterceptVtablePatch\ComInterceptVtablePatch_manifest.rc
D:\CODE\COMSAMPLE_18\OBJ\DEBUG\COMINTERCEPTVTABLEPATCH\CREATIONHOOK.OBJ
D:\CODE\COMSAMPLE_18\OBJ\DEBUG\COMINTERCEPTVTABLEPATCH\DLLMAIN.OBJ
D:\CODE\COMSAMPLE_18\OBJ\DEBUG\COMINTERCEPTVTABLEPATCH\FACTORY.OBJ
D:\code\ComSample_18\obj\Debug\ComInterceptVtablePatch\link.7204.read.1.tlog
D:\code\ComSample_18\obj\Debug\ComInterceptVtablePatch\link.7204.write.1.tlog
D:\code\ComSample_18\obj\Debug\ComInterceptVtablePatch\link.7204-cvtres.read.1.tlog
D:\code\ComSample_18\obj\Debug\ComInterceptVtablePatch\link.7204-cvtres.write.1.tlog
D:\code\ComSample_18\obj\Debug\ComInterceptVtablePatch\link.7688.read.1.tlog
D:\code\ComSample_18\obj\Debug\ComInterceptVtablePatch\link.7688.write.1.tlog
D:\code\ComSample_18\obj\Debug\ComInterceptVtablePatch\link.7688-cvtres.read.1.tlog
D:\code\ComSample_18\obj\Debug\ComInterceptVtablePatch\link.7688-cvtres.write.1.tlog
D:\code\ComSample_18\obj\Debug\ComInterceptVtablePatch\link.command.1.tlog
D:\code\ComSample_18\obj\Debug\ComInterceptVtablePatch\link.read.1.tlog
D:\code\ComSample_18\obj\Debug\ComInterceptVtablePatch\link.write.1.tlog
D:\code\ComSample_18\obj\Debug\ComInterceptVtablePatch\link-cvtres.read.1.tlog
D:\code\ComSample_18\obj\Debug\ComInterceptVtablePatch\link-cvtres.write.1.tlog
D:\code\ComSample_18\obj\Debug\ComInterceptVtablePatch\mt.command.1.tlog
D:\code\ComSample_18\obj\Debug\ComInterceptVtablePatch\mt.read.1.tlog
D:\code\ComSample_18\obj\Debug\ComInterceptVtablePatch\mt.write.1.tlog
D:\code\ComSample_18\obj\Debug\ComInterceptVtablePatch\rc.command.1.tlog
D:\code\ComSample_18\obj\Debug\ComInterceptVtablePatch\rc.read.1.tlog
D:\code\ComSample_18\obj\Debug\ComInterceptVtablePatch\rc.write.1.tlog
D:\CODE\COMSAMPLE_18\OBJ\DEBUG\COMINTERCEPTVTABLEPATCH\STDAFX.OBJ
D:\code\ComSample_18\obj\Debug\ComInterceptVtablePatch\vc100.idb
D:\CODE\COMSAMPLE_18\OBJ\DEBUG\COMINTERCEPTVTABLEPATCH\VC100.PDB
D:\CODE\COMSAMPLE_18\OBJ\DEBUG\COMINTERCEPTVTABLEPATCH\VTABLEHOOKS.OBJ
